Using pre-set license
Built from '6000.1/staging' branch; Version is '6000.1.4f1 (03270eb687c6) revision 206606'; Using compiler version '194234433'; Build Type 'Release'
OS: 'Windows 10  (10.0.19045) 64bit Core' Language: 'es' Physical Memory: 12218 MB
BatchMode: 1, IsHumanControllingUs: 0, StartBugReporterOnCrash: 0, Is64bit: 1, IsPro: 1
Date: 2025-06-15T04:58:01Z

COMMAND LINE ARGUMENTS:
D:\Program Files\6000.1.4f1\Editor\Unity.exe
-adb2
-batchMode
-noUpm
-name
AssetImportWorker1
-projectPath
D:/Pixel Walle Repository/Pixel-Walle-Boris/Borito-PixelWalle
-logFile
Logs/AssetImportWorker1.log
-srvPort
56333
-job-worker-count
1
-background-job-worker-count
8
-gc-helper-count
1
-name
AssetImport
Successfully changed project path to: D:/Pixel Walle Repository/Pixel-Walle-Boris/Borito-PixelWalle
D:/Pixel Walle Repository/Pixel-Walle-Boris/Borito-PixelWalle
[UnityMemory] Configuration Parameters - Can be set up in boot.config
    "memorysetup-allocator-temp-initial-block-size-main=262144"
    "memorysetup-allocator-temp-initial-block-size-worker=262144"
    "memorysetup-bucket-allocator-granularity=16"
    "memorysetup-bucket-allocator-bucket-count=8"
    "memorysetup-bucket-allocator-block-size=33554432"
    "memorysetup-bucket-allocator-block-count=8"
    "memorysetup-main-allocator-block-size=16777216"
    "memorysetup-thread-allocator-block-size=16777216"
    "memorysetup-gfx-main-allocator-block-size=16777216"
    "memorysetup-gfx-thread-allocator-block-size=16777216"
    "memorysetup-cache-allocator-block-size=4194304"
    "memorysetup-typetree-allocator-block-size=2097152"
    "memorysetup-profiler-bucket-allocator-granularity=16"
    "memorysetup-profiler-bucket-allocator-bucket-count=8"
    "memorysetup-profiler-bucket-allocator-block-size=33554432"
    "memorysetup-profiler-bucket-allocator-block-count=8"
    "memorysetup-profiler-allocator-block-size=16777216"
    "memorysetup-profiler-editor-allocator-block-size=1048576"
    "memorysetup-temp-allocator-size-main=16777216"
    "memorysetup-job-temp-allocator-block-size=2097152"
    "memorysetup-job-temp-allocator-block-size-background=1048576"
    "memorysetup-job-temp-allocator-reduction-small-platforms=262144"
    "memorysetup-temp-allocator-size-background-worker=32768"
    "memorysetup-temp-allocator-size-job-worker=262144"
    "memorysetup-temp-allocator-size-preload-manager=33554432"
    "memorysetup-temp-allocator-size-nav-mesh-worker=65536"
    "memorysetup-temp-allocator-size-audio-worker=65536"
    "memorysetup-temp-allocator-size-cloud-worker=32768"
    "memorysetup-temp-allocator-size-gi-baking-worker=262144"
    "memorysetup-temp-allocator-size-gi-baking-worker=262144"
    "memorysetup-temp-allocator-size-gi-baking-worker=262144"
    "memorysetup-temp-allocator-size-gi-baking-worker=262144"
    "memorysetup-temp-allocator-size-gi-baking-worker=262144"
    "memorysetup-temp-allocator-size-gfx=262144"
Player connection [5960]  Target information:

Player connection [5960]  * "[IP] 10.126.86.16 [Port] 0 [Flags] 2 [Guid] 3838576677 [EditorId] 3838576677 [Version] 1048832 [Id] WindowsEditor(7,PC-VIZCAY) [Debug] 1 [PackageName] WindowsEditor [ProjectName] Editor" 

Player connection [5960]  * "[IP] 192.168.43.104 [Port] 0 [Flags] 2 [Guid] 3838576677 [EditorId] 3838576677 [Version] 1048832 [Id] WindowsEditor(7,PC-VIZCAY) [Debug] 1 [PackageName] WindowsEditor [ProjectName] Editor" 

Player connection [5960] Host joined multi-casting on [225.0.0.222:54997]...
Player connection [5960] Host joined alternative multi-casting on [225.0.0.222:34997]...
JobSystem: Creating JobQueue using job-worker-count value 1
Input System module state changed to: Initialized.
[Physics::Module] Initialized fallback backend.
[Physics::Module] Id: 0xdecafbad
Library Redirect Path: Library/
[Physics::Module] Selected backend.
[Physics::Module] Name: PhysX
[Physics::Module] Id: 0xf2b8ea05
[Physics::Module] SDK Version: 4.1.2
[Physics::Module] Integration Version: 1.0.0
[Physics::Module] Threading Mode: Multi-Threaded
Refreshing native plugins compatible for Editor in 701.58 ms, found 4 plugins.
Preloading 0 native plugins for Editor in 0.00 ms.
Initialize engine version: 6000.1.4f1 (03270eb687c6)
[Subsystems] Discovering subsystems at path D:/Program Files/6000.1.4f1/Editor/Data/Resources/UnitySubsystems
[Subsystems] Discovering subsystems at path D:/Pixel Walle Repository/Pixel-Walle-Boris/Borito-PixelWalle/Assets
GfxDevice: creating device client; kGfxThreadingModeNonThreaded
Direct3D:
    Version:  Direct3D 11.0 [level 11.1]
    Renderer: Intel(R) HD Graphics Family (ID=0xa16)
    Vendor:   Intel
    VRAM:     2048 MB
    Driver:   20.19.15.5126
Initialize mono
Mono path[0] = 'D:/Program Files/6000.1.4f1/Editor/Data/Managed'
Mono path[1] = 'D:/Program Files/6000.1.4f1/Editor/Data/MonoBleedingEdge/lib/mono/unityjit-win32'
Mono config path = 'D:/Program Files/6000.1.4f1/Editor/Data/MonoBleedingEdge/etc'
Using monoOptions --debugger-agent=transport=dt_socket,embedding=1,server=y,suspend=n,address=127.0.0.1:56704
Begin MonoManager ReloadAssembly
Registering precompiled unity dll's ...
Register platform support module: D:/Program Files/6000.1.4f1/Editor/Data/PlaybackEngines/WindowsStandaloneSupport/UnityEditor.WindowsStandalone.Extensions.dll
Registered in 0.008490 seconds.
- Loaded All Assemblies, in  6.439 seconds
Native extension for WindowsStandalone target not found
Mono: successfully reloaded assembly
- Finished resetting the current domain, in  3.075 seconds
Domain Reload Profiling: 9514ms
	BeginReloadAssembly (1826ms)
		ExecutionOrderSort (0ms)
		DisableScriptedObjects (0ms)
		BackupInstance (0ms)
		ReleaseScriptingObjects (0ms)
		CreateAndSetChildDomain (3ms)
	RebuildCommonClasses (337ms)
	RebuildNativeTypeToScriptingClass (118ms)
	initialDomainReloadingComplete (2443ms)
	LoadAllAssembliesAndSetupDomain (1713ms)
		LoadAssemblies (1822ms)
		RebuildTransferFunctionScriptingTraits (0ms)
		AnalyzeDomain (1699ms)
			TypeCache.Refresh (1688ms)
				TypeCache.ScanAssembly (1610ms)
			BuildScriptInfoCaches (0ms)
			ResolveRequiredComponents (8ms)
	FinalizeReload (3078ms)
		ReleaseScriptCaches (0ms)
		RebuildScriptCaches (0ms)
		SetupLoadedEditorAssemblies (2678ms)
			LogAssemblyErrors (0ms)
			InitializePlatformSupportModulesInManaged (397ms)
			SetLoadedEditorAssemblies (36ms)
			BeforeProcessingInitializeOnLoad (516ms)
			ProcessInitializeOnLoadAttributes (1070ms)
			ProcessInitializeOnLoadMethodAttributes (658ms)
			AfterProcessingInitializeOnLoad (0ms)
			EditorAssembliesLoaded (1ms)
		ExecutionOrderSort2 (0ms)
		AwakeInstancesAfterBackupRestoration (0ms)
========================================================================
Worker process is ready to serve import requests
Import Worker Mode flag is 0x00
Begin MonoManager ReloadAssembly
Symbol file LoadedFromMemory is not a mono symbol file
- Loaded All Assemblies, in  7.533 seconds
Refreshing native plugins compatible for Editor in 28.29 ms, found 4 plugins.
Native extension for WindowsStandalone target not found
Refreshing native plugins compatible for Editor in 25.49 ms, found 4 plugins.
Package Manager log level set to [2]
[Package Manager] Failed to launch server process. Reason: Unity was launched with the -noUpm command-line argument
[Package Manager] Unable to send message (not connected to server process).
[Package Manager] Cannot connect to Unity Package Manager local server
Shader Hidden/ProbeVolume/VoxelizeScene is not supported: GPU does not support conservative rasterization
Mono: successfully reloaded assembly
- Finished resetting the current domain, in  6.709 seconds
Domain Reload Profiling: 14226ms
	BeginReloadAssembly (1132ms)
		ExecutionOrderSort (0ms)
		DisableScriptedObjects (26ms)
		BackupInstance (0ms)
		ReleaseScriptingObjects (0ms)
		CreateAndSetChildDomain (128ms)
	RebuildCommonClasses (213ms)
	RebuildNativeTypeToScriptingClass (68ms)
	initialDomainReloadingComplete (232ms)
	LoadAllAssembliesAndSetupDomain (5870ms)
		LoadAssemblies (3783ms)
		RebuildTransferFunctionScriptingTraits (0ms)
		AnalyzeDomain (2863ms)
			TypeCache.Refresh (2245ms)
				TypeCache.ScanAssembly (2095ms)
			BuildScriptInfoCaches (527ms)
			ResolveRequiredComponents (64ms)
	FinalizeReload (6710ms)
		ReleaseScriptCaches (0ms)
		RebuildScriptCaches (0ms)
		SetupLoadedEditorAssemblies (5232ms)
			LogAssemblyErrors (0ms)
			InitializePlatformSupportModulesInManaged (9ms)
			SetLoadedEditorAssemblies (26ms)
			BeforeProcessingInitializeOnLoad (1476ms)
			ProcessInitializeOnLoadAttributes (1611ms)
			ProcessInitializeOnLoadMethodAttributes (2104ms)
			AfterProcessingInitializeOnLoad (5ms)
			EditorAssembliesLoaded (1ms)
		ExecutionOrderSort2 (0ms)
		AwakeInstancesAfterBackupRestoration (18ms)
Shader Hidden/ProbeVolume/VoxelizeScene is not supported: GPU does not support conservative rasterization
Launched and connected shader compiler UnityShaderCompiler.exe after 0.23 seconds
Refreshing native plugins compatible for Editor in 24.89 ms, found 4 plugins.
Preloading 0 native plugins for Editor in 0.00 ms.
Unloading 231 Unused Serialized files (Serialized files now loaded: 0)
Unloading 7724 unused Assets / (7.1 MB). Loaded Objects now: 8376.
Memory consumption went from 174.7 MB to 167.6 MB.
Total: 51.632100 ms (FindLiveObjects: 2.014100 ms CreateObjectMapping: 2.784000 ms MarkObjects: 33.944500 ms  DeleteObjects: 12.886700 ms)

========================================================================
Received Import Request.
  Time since last request: 87953.383110 seconds.
  path: Assets/prefab/Pixel.prefab
  artifactKey: Guid(2fb9f2cd9d315184c84ebf8807f7fa4b) Importer(815301076,1909f56bfc062723c751e8b465ee728b)
Start importing Assets/prefab/Pixel.prefab using Guid(2fb9f2cd9d315184c84ebf8807f7fa4b) Importer(815301076,1909f56bfc062723c751e8b465ee728b) (PreviewImporter) -> (artifact id: '7530abd2d274501d87ff68f62f6b4ef5') in 2.6481352 seconds
Number of updated asset objects reloaded before import = 0Number of asset objects unloaded after import = 9

========================================================================
Received Import Request.
  Time since last request: 0.000071 seconds.
  path: Assets/prefab/Pincel.prefab
  artifactKey: Guid(ca8cc9ba13eec5f40a6f9bee85801a29) Importer(815301076,1909f56bfc062723c751e8b465ee728b)
Start importing Assets/prefab/Pincel.prefab using Guid(ca8cc9ba13eec5f40a6f9bee85801a29) Importer(815301076,1909f56bfc062723c751e8b465ee728b) (PreviewImporter) -> (artifact id: 'e3359c495a064cdaa0f74d1b0895d24b') in 0.0540904 seconds
Number of updated asset objects reloaded before import = 0Number of asset objects unloaded after import = 12

========================================================================
Received Import Request.
  Time since last request: 20.336886 seconds.
  path: Assets/prefab/Pixel.prefab
  artifactKey: Guid(2fb9f2cd9d315184c84ebf8807f7fa4b) Importer(815301076,1909f56bfc062723c751e8b465ee728b)
Start importing Assets/prefab/Pixel.prefab using Guid(2fb9f2cd9d315184c84ebf8807f7fa4b) Importer(815301076,1909f56bfc062723c751e8b465ee728b) (PreviewImporter) -> (artifact id: '28c2ab5703039ac5f395290a03e25361') in 0.565006 seconds
Number of updated asset objects reloaded before import = 0Number of asset objects unloaded after import = 8

========================================================================
Received Import Request.
  Time since last request: 11.576636 seconds.
  path: Assets/prefab/Pincel.prefab
  artifactKey: Guid(ca8cc9ba13eec5f40a6f9bee85801a29) Importer(815301076,1909f56bfc062723c751e8b465ee728b)
Start importing Assets/prefab/Pincel.prefab using Guid(ca8cc9ba13eec5f40a6f9bee85801a29) Importer(815301076,1909f56bfc062723c751e8b465ee728b) (PreviewImporter) -> (artifact id: 'e3359c495a064cdaa0f74d1b0895d24b') in 0.7589116 seconds
Number of updated asset objects reloaded before import = 0Number of asset objects unloaded after import = 12

========================================================================
Received Import Request.
  Time since last request: 4.261274 seconds.
  path: Assets/scripts/Pixel.cs
  artifactKey: Guid(9906c21e3e85673429c57850a2567723) Importer(815301076,1909f56bfc062723c751e8b465ee728b)
Start importing Assets/scripts/Pixel.cs using Guid(9906c21e3e85673429c57850a2567723) Importer(815301076,1909f56bfc062723c751e8b465ee728b) (PreviewImporter) -> (artifact id: 'ebe0500a3a2159b718dea820470ee6b5') in 0.001295 seconds
Number of updated asset objects reloaded before import = 0Number of asset objects unloaded after import = 0

========================================================================
Received Import Request.
  Time since last request: 3.190684 seconds.
  path: Assets/scripts/Pincel.cs
  artifactKey: Guid(2f4da2b7aceb3674dac38de85e67bbf9) Importer(815301076,1909f56bfc062723c751e8b465ee728b)
Start importing Assets/scripts/Pincel.cs using Guid(2f4da2b7aceb3674dac38de85e67bbf9) Importer(815301076,1909f56bfc062723c751e8b465ee728b) (PreviewImporter) -> (artifact id: 'f542c1e2139159d4da9e4d325611de60') in 0.0009906 seconds
Number of updated asset objects reloaded before import = 0Number of asset objects unloaded after import = 0

